<?xml version="1.0" encoding="UTF-8"?>
<!-- Generated by org.testng.reporters.JUnitReportReporter -->
<testsuite skipped="0" hostname="PC" name="MyRunner.TestRunner" tests="1" failures="0" timestamp="08 Apr 2021 16:48:14 GMT" time="26.242" errors="0">
  <testcase name="feature" time="26.242" classname="MyRunner.TestRunner"/>
</testsuite> <!-- MyRunner.TestRunner -->
