<?xml version="1.0" encoding="UTF-8"?>
<!-- Generated by org.testng.reporters.JUnitReportReporter -->
<testsuite skipped="0" hostname="PC" name="MyRunner.TestRunner" tests="1" failures="0" timestamp="14 Apr 2021 03:31:30 GMT" time="33.745" errors="0">
  <testcase name="feature" time="33.745" classname="MyRunner.TestRunner"/>
</testsuite> <!-- MyRunner.TestRunner -->
