<?xml version="1.0" encoding="UTF-8"?>
<!-- Generated by org.testng.reporters.JUnitReportReporter -->
<testsuite skipped="0" hostname="PC" name="MyRunner.TestRunner" tests="1" failures="0" timestamp="09 Apr 2021 06:21:43 GMT" time="24.149" errors="0">
  <testcase name="feature" time="24.149" classname="MyRunner.TestRunner"/>
</testsuite> <!-- MyRunner.TestRunner -->
