<?xml version="1.0" encoding="UTF-8"?>
<!-- Generated by org.testng.reporters.JUnitReportReporter -->
<testsuite skipped="0" hostname="PC" name="MyRunner.TestRunner" tests="1" failures="0" timestamp="09 Apr 2021 05:45:03 GMT" time="67.591" errors="0">
  <testcase name="feature" time="67.591" classname="MyRunner.TestRunner"/>
</testsuite> <!-- MyRunner.TestRunner -->
